13:51: 29. 327 [main] DEBUG org.apache.poi.openxml4j.opc.PackageRelationshipCollection - Parsing relationship: /_rels/.rels
13:51: 29. 338 [main] DEBUG org.apache.poi.ooxml.POIXMLFactory - using default POIXMLDocumentPart for http://schemas.openxmlformats.org/officeDocument/2006/relationships/printerSettings
13:51: 29. 351 [main] DEBUG org.apache.poi.openxml4j.opc.PackageRelationshipCollection - Parsing relationship: /xl/_rels/workbook.xml.rels
13:51: 29. 353 [main] DEBUG org.apache.poi.openxml4j.opc.PackageRelationshipCollection - Parsing relationship: /xl/worksheets/_rels/sheet1.xml.rels
13:51: 29. 354 [main] DEBUG org.apache.poi.openxml4j.opc.PackageRelationshipCollection - Parsing relationship: /_rels/.rels
13:51: 29. 363 [main] DEBUG org.apache.poi.ooxml.POIXMLFactory - using default POIXMLDocumentPart for http://schemas.openxmlformats.org/officeDocument/2006/relationships/printerSettings
13:51: 29. 373 [main] DEBUG org.apache.poi.openxml4j.opc.PackageRelationshipCollection - Parsing relationship: /xl/_rels/workbook.xml.rels
13:51: 29. 374 [main] DEBUG org.apache.poi.openxml4j.opc.PackageRelationshipCollection - Parsing relationship: /xl/worksheets/_rels/sheet1.xml.rels
13:51: 29. 375 [main] DEBUG org.apache.poi.openxml4j.opc.PackageRelationshipCollection - Parsing relationship: /_rels/.rels
13:51: 29. 381 [main] DEBUG org.apache.poi.ooxml.POIXMLFactory - using default POIXMLDocumentPart for http://schemas.openxmlformats.org/officeDocument/2006/relationships/printerSettings
13:51: 29. 397 [main] DEBUG org.apache.poi.openxml4j.opc.PackageRelationshipCollection - Parsing relationship: /xl/_rels/workbook.xml.rels
13:51: 29. 402 [main] DEBUG org.apache.poi.openxml4j.opc.PackageRelationshipCollection - Parsing relationship: /xl/worksheets/_rels/sheet1.xml.rels
13:51: 29. 405 [main] DEBUG org.apache.poi.openxml4j.opc.PackageRelationshipCollection - Parsing relationship: /_rels/.rels
13:51: 29. 417 [main] DEBUG org.apache.poi.ooxml.POIXMLFactory - using default POIXMLDocumentPart for http://schemas.openxmlformats.org/officeDocument/2006/relationships/printerSettings
13:51: 29. 434 [main] INFO  testCases.TC003_LoginDatadrivenTest - ***Starting TC003_LoginTestDatadriven***
13:51: 30. 061 [main] INFO  testCases.TC003_LoginDatadrivenTest - ***HomePage Actions Is Done Navigate To LoginPage***
13:51: 30. 332 [main] INFO  testCases.TC003_LoginDatadrivenTest - ***Loging To My Account Page and Validationg the Heading***
13:51: 31. 683 [main] INFO  testCases.TC003_LoginDatadrivenTest - ***Finished TC003_LoginTestDatadriven***
13:51: 31. 688 [main] INFO  testCases.TC003_LoginDatadrivenTest - ***Starting TC003_LoginTestDatadriven***
13:51: 32. 180 [main] INFO  testCases.TC003_LoginDatadrivenTest - ***HomePage Actions Is Done Navigate To LoginPage***
13:51: 32. 427 [main] INFO  testCases.TC003_LoginDatadrivenTest - ***Loging To My Account Page and Validationg the Heading***
13:51: 42. 467 [main] INFO  testCases.TC003_LoginDatadrivenTest - ***Finished TC003_LoginTestDatadriven***
13:51: 42. 470 [main] INFO  testCases.TC003_LoginDatadrivenTest - ***Starting TC003_LoginTestDatadriven***
13:51: 43. 097 [main] INFO  testCases.TC003_LoginDatadrivenTest - ***HomePage Actions Is Done Navigate To LoginPage***
13:51: 43. 327 [main] INFO  testCases.TC003_LoginDatadrivenTest - ***Loging To My Account Page and Validationg the Heading***
13:51: 53. 730 [main] INFO  testCases.TC003_LoginDatadrivenTest - ***Finished TC003_LoginTestDatadriven***
13:51: 53. 733 [main] INFO  testCases.TC003_LoginDatadrivenTest - ***Starting TC003_LoginTestDatadriven***
13:51: 54. 285 [main] INFO  testCases.TC003_LoginDatadrivenTest - ***HomePage Actions Is Done Navigate To LoginPage***
13:51: 54. 627 [main] INFO  testCases.TC003_LoginDatadrivenTest - ***Loging To My Account Page and Validationg the Heading***
13:52: 04. 660 [main] INFO  testCases.TC003_LoginDatadrivenTest - ***Finished TC003_LoginTestDatadriven***
13:52: 04. 663 [main] INFO  testCases.TC003_LoginDatadrivenTest - ***Starting TC003_LoginTestDatadriven***
13:52: 05. 181 [main] INFO  testCases.TC003_LoginDatadrivenTest - ***HomePage Actions Is Done Navigate To LoginPage***
13:52: 05. 815 [main] INFO  testCases.TC003_LoginDatadrivenTest - ***Loging To My Account Page and Validationg the Heading***
13:52: 07. 131 [main] INFO  testCases.TC003_LoginDatadrivenTest - ***Finished TC003_LoginTestDatadriven***
13:52: 07. 135 [main] INFO  testCases.TC003_LoginDatadrivenTest - ***Starting TC003_LoginTestDatadriven***
13:52: 07. 740 [main] INFO  testCases.TC003_LoginDatadrivenTest - ***HomePage Actions Is Done Navigate To LoginPage***
13:52: 08. 006 [main] INFO  testCases.TC003_LoginDatadrivenTest - ***Loging To My Account Page and Validationg the Heading***
13:52: 18. 030 [main] INFO  testCases.TC003_LoginDatadrivenTest - ***Finished TC003_LoginTestDatadriven***
14:06: 28. 893 [main] INFO  testCases.TC001_AccountRegistationTest - ***Starting TC001_AccountRegistationTest****
